0 info it worked if it ends with ok
1 verbose cli [ 'c:\\Program Files\\nodejs\\node.exe',
1 verbose cli   'c:\\Program Files\\nodejs\\node_modules\\npm\\bin\\npm-cli.js',
1 verbose cli   'build',
1 verbose cli   'game.js' ]
2 info using npm@3.10.10
3 info using node@v6.11.4
4 info build c:\Projects\minesweeper\src\game.js
5 verbose stack Error: ENOENT: no such file or directory, open 'c:\Projects\minesweeper\src\game.js\package.json'
5 verbose stack     at Error (native)
6 verbose cwd c:\Projects\minesweeper\src
7 error Windows_NT 10.0.15063
8 error argv "c:\\Program Files\\nodejs\\node.exe" "c:\\Program Files\\nodejs\\node_modules\\npm\\bin\\npm-cli.js" "build" "game.js"
9 error node v6.11.4
10 error npm  v3.10.10
11 error path c:\Projects\minesweeper\src\game.js\package.json
12 error code ENOTDIR
13 error errno -4058
14 error syscall open
15 error ENOENT: no such file or directory, open 'c:\Projects\minesweeper\src\game.js\package.json'
16 error If you need help, you may report this error at:
16 error     <https://github.com/npm/npm/issues>
17 verbose exit [ -4058, true ]
